[ 2017-05-27T01:20:10+08:00 ] 127.0.0.1 /timeline/index.php/add
INFO: [ app_init ] --START--
INFO: Run Behavior\BuildLiteBehavior [ RunTime:0.000000s ]
INFO: [ app_init ] --END-- [ RunTime:0.000000s ]
ERR: 无法加载模块:Add

[ 2017-05-27T01:20:16+08:00 ] 127.0.0.1 /timeline/index.php/add/chck
INFO: [ app_init ] --START--
INFO: Run Behavior\BuildLiteBehavior [ RunTime:0.001000s ]
INFO: [ app_init ] --END-- [ RunTime:0.002000s ]
ERR: 无法加载模块:Add

[ 2017-05-27T01:20:21+08:00 ] 127.0.0.1 /timeline/index.php/add/check.html
INFO: [ app_init ] --START--
INFO: Run Behavior\BuildLiteBehavior [ RunTime:0.000000s ]
INFO: [ app_init ] --END-- [ RunTime:0.000000s ]
ERR: 无法加载模块:Add

[ 2017-05-27T01:20:45+08:00 ] 127.0.0.1 /timeline/index.php/add/check
INFO: [ app_init ] --START--
INFO: Run Behavior\BuildLiteBehavior [ RunTime:0.000000s ]
INFO: [ app_init ] --END-- [ RunTime:0.001000s ]
ERR: 无法加载模块:Add

[ 2017-05-27T01:20:59+08:00 ] 127.0.0.1 /timeline/index.php/Add/check
INFO: [ app_init ] --START--
INFO: Run Behavior\BuildLiteBehavior [ RunTime:0.001000s ]
INFO: [ app_init ] --END-- [ RunTime:0.001000s ]
ERR: 无法加载模块:Add

