[ 2017-05-27T00:52:15+08:00 ] 127.0.0.1 /timeline/
INFO: [ app_init ] --START--
INFO: Run Behavior\BuildLiteBehavior [ RunTime:0.000000s ]
INFO: [ app_init ] --END-- [ RunTime:0.015001s ]
INFO: [ app_begin ] --START--
INFO: Run Behavior\ReadHtmlCacheBehavior [ RunTime:0.010001s ]
INFO: [ app_begin ] --END-- [ RunTime:0.010001s ]
SQL: SHOW COLUMNS FROM `time` [ RunTime:0.0600s ]
SQL: SELECT * FROM `time` WHERE `state` = 1  [ RunTime:0.0000s ]
ERR: 1146:Table 'timeline.title' doesn't exist
 [ SQL语句 ] : SHOW COLUMNS FROM `title`
ERR: 1146:Table 'timeline.title' doesn't exist
 [ SQL语句 ] : SHOW COLUMNS FROM `title`

[ 2017-05-27T00:53:06+08:00 ] 127.0.0.1 /timeline/
INFO: [ app_init ] --START--
INFO: Run Behavior\BuildLiteBehavior [ RunTime:0.000000s ]
INFO: [ app_init ] --END-- [ RunTime:0.000000s ]
INFO: [ app_begin ] --START--
INFO: Run Behavior\ReadHtmlCacheBehavior [ RunTime:0.001000s ]
INFO: [ app_begin ] --END-- [ RunTime:0.001000s ]
SQL: SHOW COLUMNS FROM `time` [ RunTime:0.0040s ]
SQL: SELECT * FROM `time` WHERE `state` = 1  [ RunTime:0.0000s ]
ERR: 1146:Table 'timeline.title' doesn't exist
 [ SQL语句 ] : SHOW COLUMNS FROM `title`
ERR: 1146:Table 'timeline.title' doesn't exist
 [ SQL语句 ] : SHOW COLUMNS FROM `title`

[ 2017-05-27T00:53:14+08:00 ] 127.0.0.1 /timeline/
INFO: [ app_init ] --START--
INFO: Run Behavior\BuildLiteBehavior [ RunTime:0.000000s ]
INFO: [ app_init ] --END-- [ RunTime:0.001000s ]
INFO: [ app_begin ] --START--
INFO: Run Behavior\ReadHtmlCacheBehavior [ RunTime:0.000000s ]
INFO: [ app_begin ] --END-- [ RunTime:0.000000s ]
SQL: SHOW COLUMNS FROM `time` [ RunTime:0.0020s ]
SQL: SELECT * FROM `time` WHERE `state` = 1  [ RunTime:0.0000s ]
ERR: 1146:Table 'timeline.title' doesn't exist
 [ SQL语句 ] : SHOW COLUMNS FROM `title`
ERR: 1146:Table 'timeline.title' doesn't exist
 [ SQL语句 ] : SHOW COLUMNS FROM `title`

[ 2017-05-27T01:03:49+08:00 ] 127.0.0.1 /timeline/
INFO: [ app_init ] --START--
INFO: Run Behavior\BuildLiteBehavior [ RunTime:0.000000s ]
INFO: [ app_init ] --END-- [ RunTime:0.001000s ]
INFO: [ app_begin ] --START--
INFO: Run Behavior\ReadHtmlCacheBehavior [ RunTime:0.001000s ]
INFO: [ app_begin ] --END-- [ RunTime:0.002000s ]
SQL: SHOW COLUMNS FROM `time` [ RunTime:0.0030s ]
SQL: SELECT * FROM `time` WHERE (  data )  [ RunTime:0.0000s ]
SQL: SELECT * FROM `time` WHERE (  title )  [ RunTime:0.0010s ]
SQL: SELECT * FROM `time` WHERE (  contact )  [ RunTime:0.0000s ]
SQL: SELECT * FROM `time` WHERE (  state )  [ RunTime:0.0010s ]
INFO: [ view_parse ] --START--
INFO: [ template_filter ] --START--
INFO: Run Behavior\ContentReplaceBehavior [ RunTime:0.008001s ]
INFO: [ template_filter ] --END-- [ RunTime:0.008001s ]
NOTIC: [8] Undefined variable: date D:\Demo\timeline\Appcation\Runtime\Cache\Home\4c02923fc0078d5d950aeb723553fe6f.php 第 201 行.
INFO: Run Behavior\ParseTemplateBehavior [ RunTime:0.183010s ]
INFO: [ view_parse ] --END-- [ RunTime:0.183010s ]
INFO: [ view_filter ] --START--
INFO: Run Behavior\WriteHtmlCacheBehavior [ RunTime:0.021002s ]
INFO: [ view_filter ] --END-- [ RunTime:0.022002s ]
INFO: [ app_end ] --START--
INFO: Run Behavior\ShowPageTraceBehavior [ RunTime:0.010000s ]
INFO: [ app_end ] --END-- [ RunTime:0.011000s ]

[ 2017-05-27T01:10:23+08:00 ] 127.0.0.1 /timeline/
INFO: [ app_init ] --START--
INFO: Run Behavior\BuildLiteBehavior [ RunTime:0.000000s ]
INFO: [ app_init ] --END-- [ RunTime:0.000000s ]
INFO: [ app_begin ] --START--
INFO: Run Behavior\ReadHtmlCacheBehavior [ RunTime:0.001000s ]
INFO: [ app_begin ] --END-- [ RunTime:0.002000s ]
SQL: SHOW COLUMNS FROM `time` [ RunTime:0.0030s ]
SQL: SELECT * FROM `time`  [ RunTime:0.0010s ]
SQL: SELECT * FROM `time`  [ RunTime:0.0000s ]
SQL: SELECT * FROM `time`  [ RunTime:0.0000s ]
SQL: SELECT * FROM `time`  [ RunTime:0.0000s ]
INFO: [ view_parse ] --START--
INFO: [ template_filter ] --START--
INFO: Run Behavior\ContentReplaceBehavior [ RunTime:0.000000s ]
INFO: [ template_filter ] --END-- [ RunTime:0.000000s ]
NOTIC: [8] Undefined variable: date D:\Demo\timeline\Appcation\Runtime\Cache\Home\4c02923fc0078d5d950aeb723553fe6f.php 第 201 行.
INFO: Run Behavior\ParseTemplateBehavior [ RunTime:0.009000s ]
INFO: [ view_parse ] --END-- [ RunTime:0.010000s ]
INFO: [ view_filter ] --START--
INFO: Run Behavior\WriteHtmlCacheBehavior [ RunTime:0.000000s ]
INFO: [ view_filter ] --END-- [ RunTime:0.000000s ]
INFO: [ app_end ] --START--
INFO: Run Behavior\ShowPageTraceBehavior [ RunTime:0.001000s ]
INFO: [ app_end ] --END-- [ RunTime:0.001000s ]

[ 2017-05-27T01:11:09+08:00 ] 127.0.0.1 /timeline/
INFO: [ app_init ] --START--
INFO: Run Behavior\BuildLiteBehavior [ RunTime:0.000000s ]
INFO: [ app_init ] --END-- [ RunTime:0.001000s ]
INFO: [ app_begin ] --START--
INFO: Run Behavior\ReadHtmlCacheBehavior [ RunTime:0.001000s ]
INFO: [ app_begin ] --END-- [ RunTime:0.001000s ]
SQL: SHOW COLUMNS FROM `time` [ RunTime:0.0040s ]
SQL: SELECT * FROM `time`  [ RunTime:0.0000s ]
SQL: SELECT * FROM `time`  [ RunTime:0.0000s ]
SQL: SELECT * FROM `time`  [ RunTime:0.0000s ]
SQL: SELECT * FROM `time`  [ RunTime:0.0000s ]
INFO: [ view_parse ] --START--
INFO: [ template_filter ] --START--
INFO: Run Behavior\ContentReplaceBehavior [ RunTime:0.001000s ]
INFO: [ template_filter ] --END-- [ RunTime:0.001000s ]
NOTIC: [8] Undefined variable: date D:\Demo\timeline\Appcation\Runtime\Cache\Home\4c02923fc0078d5d950aeb723553fe6f.php 第 201 行.
INFO: Run Behavior\ParseTemplateBehavior [ RunTime:0.011001s ]
INFO: [ view_parse ] --END-- [ RunTime:0.011001s ]
INFO: [ view_filter ] --START--
INFO: Run Behavior\WriteHtmlCacheBehavior [ RunTime:0.001000s ]
INFO: [ view_filter ] --END-- [ RunTime:0.001000s ]
INFO: [ app_end ] --START--
INFO: Run Behavior\ShowPageTraceBehavior [ RunTime:0.001000s ]
INFO: [ app_end ] --END-- [ RunTime:0.001000s ]

[ 2017-05-27T01:12:55+08:00 ] 127.0.0.1 /timeline/
INFO: [ app_init ] --START--
INFO: Run Behavior\BuildLiteBehavior [ RunTime:0.000000s ]
INFO: [ app_init ] --END-- [ RunTime:0.000000s ]
INFO: [ app_begin ] --START--
INFO: Run Behavior\ReadHtmlCacheBehavior [ RunTime:0.001000s ]
INFO: [ app_begin ] --END-- [ RunTime:0.001000s ]
SQL: SHOW COLUMNS FROM `time` [ RunTime:0.0030s ]
SQL: SELECT * FROM `time`  [ RunTime:0.0000s ]
SQL: SELECT * FROM `time`  [ RunTime:0.0010s ]
SQL: SELECT * FROM `time`  [ RunTime:0.0000s ]
SQL: SELECT * FROM `time`  [ RunTime:0.0010s ]
INFO: [ view_parse ] --START--
NOTIC: [8] Undefined index: id D:\Demo\timeline\ThinkPHP\Library\Think\Template\TagLib\Cx.class.php 第 70 行.
INFO: [ template_filter ] --START--
INFO: Run Behavior\ContentReplaceBehavior [ RunTime:0.000000s ]
INFO: [ template_filter ] --END-- [ RunTime:0.001000s ]

[ 2017-05-27T01:14:08+08:00 ] 127.0.0.1 /timeline/
INFO: [ app_init ] --START--
INFO: Run Behavior\BuildLiteBehavior [ RunTime:0.000000s ]
INFO: [ app_init ] --END-- [ RunTime:0.002000s ]
INFO: [ app_begin ] --START--
INFO: Run Behavior\ReadHtmlCacheBehavior [ RunTime:0.002000s ]
INFO: [ app_begin ] --END-- [ RunTime:0.003000s ]
SQL: SHOW COLUMNS FROM `time` [ RunTime:0.0030s ]
SQL: SELECT * FROM `time`  [ RunTime:0.0010s ]
SQL: SELECT * FROM `time`  [ RunTime:0.0000s ]
SQL: SELECT * FROM `time`  [ RunTime:0.0000s ]
SQL: SELECT * FROM `time`  [ RunTime:0.0000s ]
INFO: [ view_parse ] --START--
NOTIC: [8] Undefined index: id D:\Demo\timeline\ThinkPHP\Library\Think\Template\TagLib\Cx.class.php 第 70 行.
INFO: [ template_filter ] --START--
INFO: Run Behavior\ContentReplaceBehavior [ RunTime:0.000000s ]
INFO: [ template_filter ] --END-- [ RunTime:0.001000s ]

[ 2017-05-27T01:14:36+08:00 ] 127.0.0.1 /timeline/
INFO: [ app_init ] --START--
INFO: Run Behavior\BuildLiteBehavior [ RunTime:0.000000s ]
INFO: [ app_init ] --END-- [ RunTime:0.000000s ]
INFO: [ app_begin ] --START--
INFO: Run Behavior\ReadHtmlCacheBehavior [ RunTime:0.000000s ]
INFO: [ app_begin ] --END-- [ RunTime:0.000000s ]
SQL: SHOW COLUMNS FROM `time` [ RunTime:0.0030s ]
SQL: SELECT * FROM `time`  [ RunTime:0.0000s ]
SQL: SELECT * FROM `time`  [ RunTime:0.0000s ]
SQL: SELECT * FROM `time`  [ RunTime:0.0000s ]
SQL: SELECT * FROM `time`  [ RunTime:0.0000s ]
INFO: [ view_parse ] --START--
NOTIC: [8] Undefined index: id D:\Demo\timeline\ThinkPHP\Library\Think\Template\TagLib\Cx.class.php 第 70 行.
INFO: [ template_filter ] --START--
INFO: Run Behavior\ContentReplaceBehavior [ RunTime:0.000000s ]
INFO: [ template_filter ] --END-- [ RunTime:0.000000s ]

[ 2017-05-27T01:15:33+08:00 ] 127.0.0.1 /timeline/
INFO: [ app_init ] --START--
INFO: Run Behavior\BuildLiteBehavior [ RunTime:0.000000s ]
INFO: [ app_init ] --END-- [ RunTime:0.001000s ]
INFO: [ app_begin ] --START--
INFO: Run Behavior\ReadHtmlCacheBehavior [ RunTime:0.001000s ]
INFO: [ app_begin ] --END-- [ RunTime:0.001000s ]
SQL: SHOW COLUMNS FROM `time` [ RunTime:0.0040s ]
SQL: SELECT * FROM `time`  [ RunTime:0.0000s ]
INFO: [ view_parse ] --START--
NOTIC: [8] Undefined index: id D:\Demo\timeline\ThinkPHP\Library\Think\Template\TagLib\Cx.class.php 第 70 行.
INFO: [ template_filter ] --START--
INFO: Run Behavior\ContentReplaceBehavior [ RunTime:0.000000s ]
INFO: [ template_filter ] --END-- [ RunTime:0.000000s ]

[ 2017-05-27T01:20:03+08:00 ] 127.0.0.1 /timeline/index.php
INFO: [ app_init ] --START--
INFO: Run Behavior\BuildLiteBehavior [ RunTime:0.000000s ]
INFO: [ app_init ] --END-- [ RunTime:0.001000s ]
INFO: [ app_begin ] --START--
INFO: Run Behavior\ReadHtmlCacheBehavior [ RunTime:0.001000s ]
INFO: [ app_begin ] --END-- [ RunTime:0.001000s ]
SQL: SHOW COLUMNS FROM `time` [ RunTime:0.0030s ]
SQL: SELECT * FROM `time`  [ RunTime:0.0000s ]
INFO: [ view_parse ] --START--
NOTIC: [8] Undefined index: id D:\Demo\timeline\ThinkPHP\Library\Think\Template\TagLib\Cx.class.php 第 70 行.
INFO: [ template_filter ] --START--
INFO: Run Behavior\ContentReplaceBehavior [ RunTime:0.000000s ]
INFO: [ template_filter ] --END-- [ RunTime:0.000000s ]

[ 2017-05-27T01:22:44+08:00 ] 127.0.0.1 /timeline/
INFO: [ app_init ] --START--
INFO: Run Behavior\BuildLiteBehavior [ RunTime:0.000000s ]
INFO: [ app_init ] --END-- [ RunTime:0.002000s ]
INFO: [ app_begin ] --START--
INFO: Run Behavior\ReadHtmlCacheBehavior [ RunTime:0.001000s ]
INFO: [ app_begin ] --END-- [ RunTime:0.001000s ]
SQL: SHOW COLUMNS FROM `time` [ RunTime:0.0030s ]
SQL: SELECT * FROM `time` LIMIT 10   [ RunTime:0.0000s ]
ERR: Think\Controller:assgin方法不存在！

[ 2017-05-27T01:23:22+08:00 ] 127.0.0.1 /timeline/
INFO: [ app_init ] --START--
INFO: Run Behavior\BuildLiteBehavior [ RunTime:0.000000s ]
INFO: [ app_init ] --END-- [ RunTime:0.000000s ]
INFO: [ app_begin ] --START--
INFO: Run Behavior\ReadHtmlCacheBehavior [ RunTime:0.001000s ]
INFO: [ app_begin ] --END-- [ RunTime:0.001000s ]
SQL: SHOW COLUMNS FROM `time` [ RunTime:0.0020s ]
SQL: SELECT * FROM `time` LIMIT 10   [ RunTime:0.0000s ]
ERR: Think\Controller:assgin方法不存在！

[ 2017-05-27T01:23:23+08:00 ] 127.0.0.1 /timeline/
INFO: [ app_init ] --START--
INFO: Run Behavior\BuildLiteBehavior [ RunTime:0.000000s ]
INFO: [ app_init ] --END-- [ RunTime:0.000000s ]
INFO: [ app_begin ] --START--
INFO: Run Behavior\ReadHtmlCacheBehavior [ RunTime:0.000000s ]
INFO: [ app_begin ] --END-- [ RunTime:0.001000s ]
SQL: SHOW COLUMNS FROM `time` [ RunTime:0.0030s ]
SQL: SELECT * FROM `time` LIMIT 10   [ RunTime:0.0000s ]
ERR: Think\Controller:assgin方法不存在！

[ 2017-05-27T01:23:27+08:00 ] 127.0.0.1 /timeline/
INFO: [ app_init ] --START--
INFO: Run Behavior\BuildLiteBehavior [ RunTime:0.000000s ]
INFO: [ app_init ] --END-- [ RunTime:0.001000s ]
INFO: [ app_begin ] --START--
INFO: Run Behavior\ReadHtmlCacheBehavior [ RunTime:0.000000s ]
INFO: [ app_begin ] --END-- [ RunTime:0.001000s ]
SQL: SHOW COLUMNS FROM `time` [ RunTime:0.0040s ]
SQL: SELECT * FROM `time` LIMIT 10   [ RunTime:0.0010s ]
ERR: Think\Controller:assgin方法不存在！

